<?xml version="1.0" encoding="UTF-8"?>
<testsuite name="com.dws.challenge.AccountsServiceTest" tests="5" skipped="0" failures="0" errors="0" timestamp="2023-03-16T11:44:50" hostname="ABAGHEL-NB" time="0.035">
  <properties/>
  <testcase name="given_multipleTransactions_thenSuccess()" classname="com.dws.challenge.AccountsServiceTest" time="0.027"/>
  <testcase name="given_transferInValidAmount_ThenFail()" classname="com.dws.challenge.AccountsServiceTest" time="0.001"/>
  <testcase name="addAccount()" classname="com.dws.challenge.AccountsServiceTest" time="0.001"/>
  <testcase name="given_transferValidAmount_ThenSuccess()" classname="com.dws.challenge.AccountsServiceTest" time="0.001"/>
  <testcase name="addAccount_failsOnDuplicateId()" classname="com.dws.challenge.AccountsServiceTest" time="0.001"/>
  <system-out><![CDATA[2023-03-16 12:44:50.299  INFO 2576 --- [    Test worker] .b.t.c.SpringBootTestContextBootstrapper : Neither @ContextConfiguration nor @ContextHierarchy found for test class [com.dws.challenge.AccountsServiceTest], using SpringBootContextLoader
2023-03-16 12:44:50.300  INFO 2576 --- [    Test worker] o.s.t.c.support.AbstractContextLoader    : Could not detect default resource locations for test class [com.dws.challenge.AccountsServiceTest]: no resource found for suffixes {-context.xml, Context.groovy}.
2023-03-16 12:44:50.300  INFO 2576 --- [    Test worker] t.c.s.AnnotationConfigContextLoaderUtils : Could not detect default configuration classes for test class [com.dws.challenge.AccountsServiceTest]: AccountsServiceTest does not declare any static, non-private, non-final, nested classes annotated with @Configuration.
2023-03-16 12:44:50.301  INFO 2576 --- [    Test worker] .b.t.c.SpringBootTestContextBootstrapper : Found @SpringBootConfiguration com.dws.challenge.ChallengeApplication for test class com.dws.challenge.AccountsServiceTest
2023-03-16 12:44:50.302  INFO 2576 --- [    Test worker] .b.t.c.SpringBootTestContextBootstrapper : Loaded default TestExecutionListener class names from location [META-INF/spring.factories]: [org.springframework.boot.test.autoconfigure.restdocs.RestDocsTestExecutionListener, org.springframework.boot.test.autoconfigure.web.client.MockRestServiceServerResetTestExecutionListener, org.springframework.boot.test.autoconfigure.web.servlet.MockMvcPrintOnlyOnFailureTestExecutionListener, org.springframework.boot.test.autoconfigure.web.servlet.WebDriverTestExecutionListener, org.springframework.boot.test.autoconfigure.webservices.client.MockWebServiceServerTestExecutionListener, org.springframework.boot.test.mock.mockito.MockitoTestExecutionListener, org.springframework.boot.test.mock.mockito.ResetMocksTestExecutionListener, org.springframework.test.context.web.ServletTestExecutionListener, org.springframework.test.context.support.DirtiesContextBeforeModesTestExecutionListener, org.springframework.test.context.event.ApplicationEventsTestExecutionListener, org.springframework.test.context.support.DependencyInjectionTestExecutionListener, org.springframework.test.context.support.DirtiesContextTestExecutionListener, org.springframework.test.context.transaction.TransactionalTestExecutionListener, org.springframework.test.context.jdbc.SqlScriptsTestExecutionListener, org.springframework.test.context.event.EventPublishingTestExecutionListener]
2023-03-16 12:44:50.303  INFO 2576 --- [    Test worker] .b.t.c.SpringBootTestContextBootstrapper : Using TestExecutionListeners: [org.springframework.test.context.web.ServletTestExecutionListener@6abb7b7d, org.springframework.test.context.support.DirtiesContextBeforeModesTestExecutionListener@34cf0e80, org.springframework.test.context.event.ApplicationEventsTestExecutionListener@38ef1a0a, org.springframework.boot.test.mock.mockito.MockitoTestExecutionListener@56f9de3b, org.springframework.boot.test.autoconfigure.SpringBootDependencyInjectionTestExecutionListener@6728370a, org.springframework.test.context.support.DirtiesContextTestExecutionListener@2b5f8e61, org.springframework.test.context.event.EventPublishingTestExecutionListener@6ba0ee4a, org.springframework.boot.test.autoconfigure.restdocs.RestDocsTestExecutionListener@73b0ed03, org.springframework.boot.test.autoconfigure.web.client.MockRestServiceServerResetTestExecutionListener@55061418, org.springframework.boot.test.autoconfigure.web.servlet.MockMvcPrintOnlyOnFailureTestExecutionListener@27db45f, org.springframework.boot.test.autoconfigure.web.servlet.WebDriverTestExecutionListener@6ec3d8e4, org.springframework.boot.test.autoconfigure.webservices.client.MockWebServiceServerTestExecutionListener@1aeff8ca, org.springframework.boot.test.mock.mockito.ResetMocksTestExecutionListener@7f2c995b]

  .   ____          _            __ _ _
 /\\ / ___'_ __ _ _(_)_ __  __ _ \ \ \ \
( ( )\___ | '_ | '_| | '_ \/ _` | \ \ \ \
 \\/  ___)| |_)| | | | | || (_| |  ) ) ) )
  '  |____| .__|_| |_|_| |_\__, | / / / /
 =========|_|==============|___/=/_/_/_/
 :: Spring Boot ::                (v2.7.9)

2023-03-16 12:44:50.321  INFO 2576 --- [    Test worker] com.dws.challenge.AccountsServiceTest    : Starting AccountsServiceTest using Java 19.0.1 on ABAGHEL-NB with PID 2576 (started by ABaghel in C:\Users\ABaghel\Downloads\challenge\challenge)
2023-03-16 12:44:50.321  INFO 2576 --- [    Test worker] com.dws.challenge.AccountsServiceTest    : No active profile set, falling back to 1 default profile: "default"
2023-03-16 12:44:50.628  INFO 2576 --- [    Test worker] com.dws.challenge.AccountsServiceTest    : Started AccountsServiceTest in 0.323 seconds (JVM running for 4.224)
]]></system-out>
  <system-err><![CDATA[]]></system-err>
</testsuite>
