<?xml version="1.0" encoding="UTF-8"?>
<testsuite name="com.dws.challenge.ChallengeApplicationTests" tests="1" skipped="0" failures="0" errors="0" timestamp="2023-03-16T11:44:50" hostname="ABAGHEL-NB" time="0.002">
  <properties/>
  <testcase name="contextLoads()" classname="com.dws.challenge.ChallengeApplicationTests" time="0.002"/>
  <system-out><![CDATA[2023-03-16 12:44:50.758  INFO 2576 --- [    Test worker] .b.t.c.SpringBootTestContextBootstrapper : Neither @ContextConfiguration nor @ContextHierarchy found for test class [com.dws.challenge.ChallengeApplicationTests], using SpringBootContextLoader
2023-03-16 12:44:50.758  INFO 2576 --- [    Test worker] o.s.t.c.support.AbstractContextLoader    : Could not detect default resource locations for test class [com.dws.challenge.ChallengeApplicationTests]: no resource found for suffixes {-context.xml, Context.groovy}.
2023-03-16 12:44:50.758  INFO 2576 --- [    Test worker] t.c.s.AnnotationConfigContextLoaderUtils : Could not detect default configuration classes for test class [com.dws.challenge.ChallengeApplicationTests]: ChallengeApplicationTests does not declare any static, non-private, non-final, nested classes annotated with @Configuration.
2023-03-16 12:44:50.759  INFO 2576 --- [    Test worker] .b.t.c.SpringBootTestContextBootstrapper : Found @SpringBootConfiguration com.dws.challenge.ChallengeApplication for test class com.dws.challenge.ChallengeApplicationTests
2023-03-16 12:44:50.760  INFO 2576 --- [    Test worker] .b.t.c.SpringBootTestContextBootstrapper : Loaded default TestExecutionListener class names from location [META-INF/spring.factories]: [org.springframework.boot.test.autoconfigure.restdocs.RestDocsTestExecutionListener, org.springframework.boot.test.autoconfigure.web.client.MockRestServiceServerResetTestExecutionListener, org.springframework.boot.test.autoconfigure.web.servlet.MockMvcPrintOnlyOnFailureTestExecutionListener, org.springframework.boot.test.autoconfigure.web.servlet.WebDriverTestExecutionListener, org.springframework.boot.test.autoconfigure.webservices.client.MockWebServiceServerTestExecutionListener, org.springframework.boot.test.mock.mockito.MockitoTestExecutionListener, org.springframework.boot.test.mock.mockito.ResetMocksTestExecutionListener, org.springframework.test.context.web.ServletTestExecutionListener, org.springframework.test.context.support.DirtiesContextBeforeModesTestExecutionListener, org.springframework.test.context.event.ApplicationEventsTestExecutionListener, org.springframework.test.context.support.DependencyInjectionTestExecutionListener, org.springframework.test.context.support.DirtiesContextTestExecutionListener, org.springframework.test.context.transaction.TransactionalTestExecutionListener, org.springframework.test.context.jdbc.SqlScriptsTestExecutionListener, org.springframework.test.context.event.EventPublishingTestExecutionListener]
2023-03-16 12:44:50.761  INFO 2576 --- [    Test worker] .b.t.c.SpringBootTestContextBootstrapper : Using TestExecutionListeners: [org.springframework.test.context.web.ServletTestExecutionListener@71468613, org.springframework.test.context.support.DirtiesContextBeforeModesTestExecutionListener@13f4048e, org.springframework.test.context.event.ApplicationEventsTestExecutionListener@5477d90e, org.springframework.boot.test.mock.mockito.MockitoTestExecutionListener@6dc9a56e, org.springframework.boot.test.autoconfigure.SpringBootDependencyInjectionTestExecutionListener@287ad0da, org.springframework.test.context.support.DirtiesContextTestExecutionListener@1b19712f, org.springframework.test.context.event.EventPublishingTestExecutionListener@714c74eb, org.springframework.boot.test.autoconfigure.restdocs.RestDocsTestExecutionListener@510e4d79, org.springframework.boot.test.autoconfigure.web.client.MockRestServiceServerResetTestExecutionListener@2f0cab82, org.springframework.boot.test.autoconfigure.web.servlet.MockMvcPrintOnlyOnFailureTestExecutionListener@7fcc3745, org.springframework.boot.test.autoconfigure.web.servlet.WebDriverTestExecutionListener@6d35ff7b, org.springframework.boot.test.autoconfigure.webservices.client.MockWebServiceServerTestExecutionListener@4ef31221, org.springframework.boot.test.mock.mockito.ResetMocksTestExecutionListener@4e9e0c6]
]]></system-out>
  <system-err><![CDATA[]]></system-err>
</testsuite>
